<?xml version="1.0" encoding="UTF-8"?>
<testng-results skipped="0" failed="0" total="1" passed="1">
  <reporter-output>
  </reporter-output>
  <suite name="Command line suite" duration-ms="22152" started-at="2016-12-20T11:43:53Z" finished-at="2016-12-20T11:44:15Z">
    <groups>
    </groups>
    <test name="Command line test" duration-ms="22152" started-at="2016-12-20T11:43:53Z" finished-at="2016-12-20T11:44:15Z">
      <class name="automationFramework.TestSignIn">
        <test-method status="PASS" signature="startTesting()[pri:0, instance:automationFramework.TestSignIn@60c6f5b]" name="startTesting" is-config="true" duration-ms="3740" started-at="2016-12-20T17:13:49Z" finished-at="2016-12-20T17:13:53Z">
          <reporter-output>
          </reporter-output>
        </test-method> <!-- startTesting -->
        <test-method status="PASS" signature="beforeMethod()[pri:0, instance:automationFramework.TestSignIn@60c6f5b]" name="beforeMethod" is-config="true" duration-ms="0" started-at="2016-12-20T17:13:53Z" finished-at="2016-12-20T17:13:53Z">
          <reporter-output>
          </reporter-output>
        </test-method> <!-- beforeMethod -->
        <test-method status="PASS" signature="doSignIn()[pri:0, instance:automationFramework.TestSignIn@60c6f5b]" name="doSignIn" duration-ms="21518" started-at="2016-12-20T17:13:53Z" finished-at="2016-12-20T17:14:15Z">
          <reporter-output>
          </reporter-output>
        </test-method> <!-- doSignIn -->
        <test-method status="PASS" signature="AfterMethod()[pri:0, instance:automationFramework.TestSignIn@60c6f5b]" name="AfterMethod" is-config="true" duration-ms="629" started-at="2016-12-20T17:14:15Z" finished-at="2016-12-20T17:14:15Z">
          <reporter-output>
          </reporter-output>
        </test-method> <!-- AfterMethod -->
        <test-method status="PASS" signature="endScript()[pri:0, instance:automationFramework.TestSignIn@60c6f5b]" name="endScript" is-config="true" duration-ms="125" started-at="2016-12-20T17:14:15Z" finished-at="2016-12-20T17:14:15Z">
          <reporter-output>
          </reporter-output>
        </test-method> <!-- endScript -->
      </class> <!-- automationFramework.TestSignIn -->
    </test> <!-- Command line test -->
  </suite> <!-- Command line suite -->
</testng-results>
